12:57:44 DEBUG : Logs will be stored at '/home/antonio/git/zybo-hcd/IDE.log'.
12:57:47 INFO  : Launching XSCT server: xsct -n  -interactive /home/antonio/git/zybo-hcd/temp_xsdb_launch_script.tcl
12:57:47 INFO  : Platform repository initialization has completed.
12:57:47 INFO  : Registering command handlers for Vitis TCF services
12:57:50 INFO  : XSCT server has started successfully.
12:57:50 INFO  : Successfully done setting XSCT server connection channel  
12:57:50 INFO  : plnx-install-location is set to ''
12:57:50 INFO  : Successfully done setting workspace for the tool. 
12:57:50 INFO  : Successfully done query RDI_DATADIR 
12:58:07 INFO  : Platform 'hdmi_video_out' is added to custom repositories.
12:58:07 INFO  : [Import] Updating active build configuration of the system project 'usb-test_system' to 'Debug' after the import.
12:58:45 INFO  : Result from executing command 'getProjects': hdmi_video_out
12:58:45 INFO  : Result from executing command 'getPlatforms': hdmi_video_out|/home/antonio/git/zybo-hcd/hdmi_video_out/export/hdmi_video_out/hdmi_video_out.xpfm
12:58:59 INFO  : Checking for BSP changes to sync application flags for project 'usb-test'...
12:59:32 INFO  : Connected to target on host '127.0.0.1' and port '3121'.
12:59:32 INFO  : Jtag cable 'Digilent Zybo Z7 210351AB6EC6A' is selected.
12:59:32 INFO  : 'jtag frequency' command is executed.
12:59:32 INFO  : Context for 'APU' is selected.
12:59:32 INFO  : System reset is completed.
12:59:35 INFO  : 'after 3000' command is executed.
12:59:35 INFO  : 'targets -set -filter {jtag_cable_name =~ "Digilent Zybo Z7 210351AB6EC6A" && level==0 && jtag_device_ctx=="jsn-Zybo Z7-210351AB6EC6A-13722093-0"}' command is executed.
12:59:37 INFO  : Device configured successfully with "/home/antonio/git/zybo-hcd/usb-test/_ide/bitstream/hdmi_video_out.bit"
12:59:37 INFO  : Context for 'APU' is selected.
12:59:37 INFO  : Hardware design and registers information is loaded from '/home/antonio/git/zybo-hcd/hdmi_video_out/export/hdmi_video_out/hw/hdmi_video_out.xsa'.
12:59:37 INFO  : 'configparams force-mem-access 1' command is executed.
12:59:37 INFO  : Context for 'APU' is selected.
12:59:37 INFO  : Sourcing of '/home/antonio/git/zybo-hcd/usb-test/_ide/psinit/ps7_init.tcl' is done.
12:59:38 INFO  : 'ps7_init' command is executed.
12:59:38 INFO  : 'ps7_post_config' command is executed.
12:59:38 INFO  : Context for processor 'ps7_cortexa9_0' is selected.
12:59:38 INFO  : The application '/home/antonio/git/zybo-hcd/usb-test/Debug/usb-test.elf' is downloaded to processor 'ps7_cortexa9_0'.
12:59:38 INFO  : 'configparams force-mem-access 0' command is executed.
12:59:38 INFO  : ----------------XSDB Script----------------
connect -url tcp:127.0.0.1:3121
targets -set -nocase -filter {name =~"APU*"}
rst -system
after 3000
targets -set -filter {jtag_cable_name =~ "Digilent Zybo Z7 210351AB6EC6A" && level==0 && jtag_device_ctx=="jsn-Zybo Z7-210351AB6EC6A-13722093-0"}
fpga -file /home/antonio/git/zybo-hcd/usb-test/_ide/bitstream/hdmi_video_out.bit
targets -set -nocase -filter {name =~"APU*"}
loadhw -hw /home/antonio/git/zybo-hcd/hdmi_video_out/export/hdmi_video_out/hw/hdmi_video_out.xsa -mem-ranges [list {0x40000000 0xbfffffff}] -regs
configparams force-mem-access 1
targets -set -nocase -filter {name =~"APU*"}
source /home/antonio/git/zybo-hcd/usb-test/_ide/psinit/ps7_init.tcl
ps7_init
ps7_post_config
targets -set -nocase -filter {name =~ "*A9*#0"}
dow /home/antonio/git/zybo-hcd/usb-test/Debug/usb-test.elf
configparams force-mem-access 0
----------------End of Script----------------

12:59:38 INFO  : Context for processor 'ps7_cortexa9_0' is selected.
12:59:38 INFO  : 'con' command is executed.
12:59:38 INFO  : ----------------XSDB Script (After Launch)----------------
targets -set -nocase -filter {name =~ "*A9*#0"}
con
----------------End of Script----------------

12:59:38 INFO  : Launch script is exported to file '/home/antonio/git/zybo-hcd/usb-test_system/_ide/scripts/systemdebugger_usb-test_system_standalone.tcl'
12:59:44 INFO  : Checking for BSP changes to sync application flags for project 'usb-test'...
12:59:54 INFO  : Disconnected from the channel tcfchan#3.
